<?xml version="1.0" encoding="UTF-8"?>
<!-- Generated by org.testng.reporters.JUnitReportReporter -->
<testsuite hostname="DESKTOP-2K9I04N" failures="0" tests="1" name="TestRail.FaceBook_TestNG" time="1.365" errors="0" timestamp="2023-09-10T14:47:09 IST" skipped="0">
  <testcase classname="TestRail.FaceBook_TestNG" name="Title_Check" time="1.365"/>
</testsuite> <!-- TestRail.FaceBook_TestNG -->
